#
# There is insufficient memory for the Java Runtime Environment to continue.
# Native memory allocation (malloc) failed to allocate 32744 bytes. Error detail: ChunkPool::allocate
# Possible reasons:
#   The system is out of physical RAM or swap space
#   This process is running with CompressedOops enabled, and the Java Heap may be blocking the growth of the native heap
# Possible solutions:
#   Reduce memory load on the system
#   Increase physical memory or swap space
#   Check if swap backing store is full
#   Decrease Java heap size (-Xmx/-Xms)
#   Decrease number of Java threads
#   Decrease Java thread stack sizes (-Xss)
#   Set larger code cache with -XX:ReservedCodeCacheSize=
#   JVM is running with Unscaled Compressed Oops mode in which the Java heap is
#     placed in the first 4GB address space. The Java Heap base address is the
#     maximum limit for the native heap growth. Please use -XX:HeapBaseMinAddress
#     to set the Java Heap base and to place the Java Heap above 4GB virtual address.
# This output file may be truncated or incomplete.
#
#  Out of Memory Error (arena.cpp:79), pid=19692, tid=3676
#
# JRE version: OpenJDK Runtime Environment Temurin-17.0.12+7 (17.0.12+7) (build 17.0.12+7)
# Java VM: OpenJDK 64-Bit Server VM Temurin-17.0.12+7 (17.0.12+7, mixed mode, tiered, compressed oops, compressed class ptrs, parallel gc, windows-amd64)
# No core dump will be written. Minidumps are not enabled by default on client versions of Windows
#

---------------  S U M M A R Y ------------

Command Line: --add-modules=ALL-SYSTEM --add-opens=java.base/java.util=ALL-UNNAMED --add-opens=java.base/java.lang=ALL-UNNAMED --add-opens=java.base/sun.nio.fs=ALL-UNNAMED -Declipse.application=org.eclipse.jdt.ls.core.id1 -Dosgi.bundles.defaultStartLevel=4 -Declipse.product=org.eclipse.jdt.ls.core.product -Djava.import.generatesMetadataFilesAtProjectRoot=false -DDetectVMInstallationsJob.disabled=true -Dfile.encoding=utf8 -XX:+UseParallelGC -XX:GCTimeRatio=4 -XX:AdaptiveSizePolicyWeight=90 -Dsun.zip.disableMemoryMapping=true -Xmx1G -Xms100m -Xlog:disable -javaagent:c:\Users\dy20240402\.vscode\extensions\redhat.java-1.34.0-win32-x64\lombok\lombok-1.18.33.jar c:\Users\dy20240402\.vscode\extensions\redhat.java-1.34.0-win32-x64\server\plugins\org.eclipse.equinox.launcher_1.6.900.v20240613-2009.jar -configuration c:\Users\dy20240402\AppData\Roaming\Code\User\globalStorage\redhat.java\1.34.0\config_ss_win -data c:\Users\dy20240402\AppData\Roaming\Code\User\workspaceStorage\b6d5cbaef68a8efeaf22d0b9e113f687\redhat.java\ss_ws --pipe=\\.\pipe\lsp-e2bcc257c017c5d1876936bf75df772c-sock

Host: Intel(R) Core(TM) i7-10750H CPU @ 2.60GHz, 12 cores, 15G,  Windows 11 , 64 bit Build 22621 (10.0.22621.3958)
Time: Wed Sep 11 13:58:51 2024  Windows 11 , 64 bit Build 22621 (10.0.22621.3958) elapsed time: 24.939708 seconds (0d 0h 0m 24s)

---------------  T H R E A D  ---------------

Current thread (0x000001fd627f69c0):  JavaThread "C2 CompilerThread0" daemon [_thread_in_native, id=3676, stack(0x00000021d1400000,0x00000021d1500000)]


Current CompileTask:
C2:  24939 5132       4       com.google.gson.stream.JsonReader::nextQuotedValue (294 bytes)

Stack: [0x00000021d1400000,0x00000021d1500000]
Native frames: (J=compiled Java code, j=interpreted, Vv=VM code, C=native code)
V  [jvm.dll+0x67f929]
V  [jvm.dll+0x8371ba]
V  [jvm.dll+0x838c7e]
V  [jvm.dll+0x8392e3]
V  [jvm.dll+0x24834f]
V  [jvm.dll+0xacbd1]
V  [jvm.dll+0xad01c]
V  [jvm.dll+0x65bce3]
V  [jvm.dll+0x592f73]
V  [jvm.dll+0x57c7de]
V  [jvm.dll+0x57fe27]
V  [jvm.dll+0x57f57d]
V  [jvm.dll+0x57f5e9]
V  [jvm.dll+0x57f5e9]
V  [jvm.dll+0x57f5e9]
V  [jvm.dll+0x57f5e9]
V  [jvm.dll+0x57f5e9]
V  [jvm.dll+0x5871b4]
V  [jvm.dll+0x2231c2]
V  [jvm.dll+0x2235bf]
V  [jvm.dll+0x21c6e0]
V  [jvm.dll+0x219be1]
V  [jvm.dll+0x1a58bd]
V  [jvm.dll+0x229a2d]
V  [jvm.dll+0x227bdc]
V  [jvm.dll+0x7ec1f7]
V  [jvm.dll+0x7e65dc]
V  [jvm.dll+0x67e7f7]
C  [ucrtbase.dll+0x29333]
C  [KERNEL32.DLL+0x1257d]
C  [ntdll.dll+0x5af28]


---------------  P R O C E S S  ---------------

Threads class SMR info:
_java_thread_list=0x000001fd711223a0, length=43, elements={
0x000001fd4960b770, 0x000001fd5d49a3e0, 0x000001fd5d49e470, 0x000001fd62819410,
0x000001fd62819de0, 0x000001fd627f5430, 0x000001fd627f5a10, 0x000001fd627f69c0,
0x000001fd62897bf0, 0x000001fd628b8870, 0x000001fd628ecc60, 0x000001fd62af9730,
0x000001fd644c7090, 0x000001fd647d4a70, 0x000001fd647b2f00, 0x000001fd647cb630,
0x000001fd648d2300, 0x000001fd648d2810, 0x000001fd648d1df0, 0x000001fd648d18e0,
0x000001fd648d0ec0, 0x000001fd648cff90, 0x000001fd648d04a0, 0x000001fd648cf060,
0x000001fd648cf570, 0x000001fd648cfa80, 0x000001fd648d13d0, 0x000001fd664944b0,
0x000001fd6649a4e0, 0x000001fd66497240, 0x000001fd66497750, 0x000001fd664949c0,
0x000001fd66496310, 0x000001fd6649a9f0, 0x000001fd664953e0, 0x000001fd664958f0,
0x000001fd66497c60, 0x000001fd66494ed0, 0x000001fd664995b0, 0x000001fd66498170,
0x000001fd6649af00, 0x000001fd66499fd0, 0x000001fd651c0200
}

Java Threads: ( => current thread )
  0x000001fd4960b770 JavaThread "main" [_thread_blocked, id=20736, stack(0x00000021d0b00000,0x00000021d0c00000)]
  0x000001fd5d49a3e0 JavaThread "Reference Handler" daemon [_thread_blocked, id=8188, stack(0x00000021d0e00000,0x00000021d0f00000)]
  0x000001fd5d49e470 JavaThread "Finalizer" daemon [_thread_blocked, id=22464, stack(0x00000021d0f00000,0x00000021d1000000)]
  0x000001fd62819410 JavaThread "Signal Dispatcher" daemon [_thread_blocked, id=14764, stack(0x00000021d1000000,0x00000021d1100000)]
  0x000001fd62819de0 JavaThread "Attach Listener" daemon [_thread_blocked, id=6724, stack(0x00000021d1100000,0x00000021d1200000)]
  0x000001fd627f5430 JavaThread "Service Thread" daemon [_thread_blocked, id=21424, stack(0x00000021d1200000,0x00000021d1300000)]
  0x000001fd627f5a10 JavaThread "Monitor Deflation Thread" daemon [_thread_blocked, id=5444, stack(0x00000021d1300000,0x00000021d1400000)]
=>0x000001fd627f69c0 JavaThread "C2 CompilerThread0" daemon [_thread_in_native, id=3676, stack(0x00000021d1400000,0x00000021d1500000)]
  0x000001fd62897bf0 JavaThread "C1 CompilerThread0" daemon [_thread_in_native, id=5544, stack(0x00000021d1500000,0x00000021d1600000)]
  0x000001fd628b8870 JavaThread "Sweeper thread" daemon [_thread_blocked, id=15668, stack(0x00000021d1600000,0x00000021d1700000)]
  0x000001fd628ecc60 JavaThread "Common-Cleaner" daemon [_thread_blocked, id=15128, stack(0x00000021d1700000,0x00000021d1800000)]
  0x000001fd62af9730 JavaThread "Notification Thread" daemon [_thread_blocked, id=20916, stack(0x00000021d1800000,0x00000021d1900000)]
  0x000001fd644c7090 JavaThread "Active Thread: Equinox Container: d0401083-7abc-4a04-9a59-5bde2fd344fe" [_thread_blocked, id=10256, stack(0x00000021d2200000,0x00000021d2300000)]
  0x000001fd647d4a70 JavaThread "Framework Event Dispatcher: Equinox Container: d0401083-7abc-4a04-9a59-5bde2fd344fe" daemon [_thread_blocked, id=18540, stack(0x00000021d2300000,0x00000021d2400000)]
  0x000001fd647b2f00 JavaThread "Start Level: Equinox Container: d0401083-7abc-4a04-9a59-5bde2fd344fe" daemon [_thread_blocked, id=9716, stack(0x00000021d2400000,0x00000021d2500000)]
  0x000001fd647cb630 JavaThread "SCR Component Actor" daemon [_thread_blocked, id=20128, stack(0x00000021d1b00000,0x00000021d1c00000)]
  0x000001fd648d2300 JavaThread "Worker-JM" [_thread_blocked, id=21996, stack(0x00000021d2600000,0x00000021d2700000)]
  0x000001fd648d2810 JavaThread "JNA Cleaner" daemon [_thread_blocked, id=14028, stack(0x00000021d2900000,0x00000021d2a00000)]
  0x000001fd648d1df0 JavaThread "Worker-0" [_thread_blocked, id=15656, stack(0x00000021d2a00000,0x00000021d2b00000)]
  0x000001fd648d18e0 JavaThread "Worker-1" [_thread_blocked, id=11112, stack(0x00000021d2b00000,0x00000021d2c00000)]
  0x000001fd648d0ec0 JavaThread "Thread-2" daemon [_thread_in_native, id=10668, stack(0x00000021d3000000,0x00000021d3100000)]
  0x000001fd648cff90 JavaThread "Thread-3" daemon [_thread_in_native, id=13624, stack(0x00000021d3100000,0x00000021d3200000)]
  0x000001fd648d04a0 JavaThread "Thread-4" daemon [_thread_in_native, id=5672, stack(0x00000021d3200000,0x00000021d3300000)]
  0x000001fd648cf060 JavaThread "Thread-5" daemon [_thread_in_native, id=4256, stack(0x00000021d3300000,0x00000021d3400000)]
  0x000001fd648cf570 JavaThread "Thread-6" daemon [_thread_in_native, id=13400, stack(0x00000021d3400000,0x00000021d3500000)]
  0x000001fd648cfa80 JavaThread "Thread-7" daemon [_thread_in_native, id=20132, stack(0x00000021d3500000,0x00000021d3600000)]
  0x000001fd648d13d0 JavaThread "Thread-8" daemon [_thread_in_native, id=18516, stack(0x00000021d3600000,0x00000021d3700000)]
  0x000001fd664944b0 JavaThread "Thread-9" daemon [_thread_in_native, id=20524, stack(0x00000021d3700000,0x00000021d3800000)]
  0x000001fd6649a4e0 JavaThread "Thread-10" daemon [_thread_in_native, id=20288, stack(0x00000021d3800000,0x00000021d3900000)]
  0x000001fd66497240 JavaThread "Thread-11" daemon [_thread_in_native, id=19664, stack(0x00000021d3900000,0x00000021d3a00000)]
  0x000001fd66497750 JavaThread "Thread-12" daemon [_thread_in_native, id=20876, stack(0x00000021d3a00000,0x00000021d3b00000)]
  0x000001fd664949c0 JavaThread "Thread-13" daemon [_thread_in_native, id=12912, stack(0x00000021d3b00000,0x00000021d3c00000)]
  0x000001fd66496310 JavaThread "Thread-14" daemon [_thread_in_native, id=16768, stack(0x00000021d3c00000,0x00000021d3d00000)]
  0x000001fd6649a9f0 JavaThread "pool-2-thread-1" [_thread_blocked, id=3336, stack(0x00000021d3d00000,0x00000021d3e00000)]
  0x000001fd664953e0 JavaThread "WorkspaceEventsHandler" [_thread_blocked, id=20444, stack(0x00000021d3e00000,0x00000021d3f00000)]
  0x000001fd664958f0 JavaThread "pool-1-thread-1" [_thread_blocked, id=18696, stack(0x00000021d3f00000,0x00000021d4000000)]
  0x000001fd66497c60 JavaThread "ForkJoinPool.commonPool-worker-1" daemon [_thread_blocked, id=7572, stack(0x00000021d4000000,0x00000021d4100000)]
  0x000001fd66494ed0 JavaThread "ForkJoinPool.commonPool-worker-2" daemon [_thread_blocked, id=11080, stack(0x00000021d4100000,0x00000021d4200000)]
  0x000001fd664995b0 JavaThread "ForkJoinPool.commonPool-worker-3" daemon [_thread_blocked, id=10172, stack(0x00000021d4200000,0x00000021d4300000)]
  0x000001fd66498170 JavaThread "ForkJoinPool.commonPool-worker-4" daemon [_thread_in_vm, id=9368, stack(0x00000021d4300000,0x00000021d4400000)]
  0x000001fd6649af00 JavaThread "ForkJoinPool.commonPool-worker-5" daemon [_thread_blocked, id=2704, stack(0x00000021d4400000,0x00000021d4500000)]
  0x000001fd66499fd0 JavaThread "Worker-2" [_thread_blocked, id=10060, stack(0x00000021d4500000,0x00000021d4600000)]
  0x000001fd651c0200 JavaThread "C2 CompilerThread1" daemon [_thread_in_native, id=12216, stack(0x00000021d1a00000,0x00000021d1b00000)]

Other Threads:
  0x000001fd49693f80 VMThread "VM Thread" [stack: 0x00000021d0d00000,0x00000021d0e00000] [id=23504]
  0x000001fd62afa3b0 WatcherThread [stack: 0x00000021d1900000,0x00000021d1a00000] [id=22488]
  0x000001fd496205d0 GCTaskThread "GC Thread#0" [stack: 0x00000021d0c00000,0x00000021d0d00000] [id=16916]
  0x000001fd64477680 GCTaskThread "GC Thread#1" [stack: 0x00000021d1c00000,0x00000021d1d00000] [id=9484]
  0x000001fd64477940 GCTaskThread "GC Thread#2" [stack: 0x00000021d1d00000,0x00000021d1e00000] [id=6836]
  0x000001fd64477c00 GCTaskThread "GC Thread#3" [stack: 0x00000021d1e00000,0x00000021d1f00000] [id=19180]
  0x000001fd63ee2fb0 GCTaskThread "GC Thread#4" [stack: 0x00000021d1f00000,0x00000021d2000000] [id=15240]
  0x000001fd63ee3270 GCTaskThread "GC Thread#5" [stack: 0x00000021d2000000,0x00000021d2100000] [id=9412]
  0x000001fd63ee3530 GCTaskThread "GC Thread#6" [stack: 0x00000021d2100000,0x00000021d2200000] [id=2176]
  0x000001fd647b2640 GCTaskThread "GC Thread#7" [stack: 0x00000021d2500000,0x00000021d2600000] [id=22204]
  0x000001fd6493d240 GCTaskThread "GC Thread#8" [stack: 0x00000021d2700000,0x00000021d2800000] [id=15792]
  0x000001fd6493c9a0 GCTaskThread "GC Thread#9" [stack: 0x00000021d2800000,0x00000021d2900000] [id=19128]

Threads with active compile tasks:
C2 CompilerThread0    24977 5132       4       com.google.gson.stream.JsonReader::nextQuotedValue (294 bytes)
C1 CompilerThread0    24977 5170       3       java.net.URI::decode (380 bytes)
C2 CompilerThread1    24977 5147       4       org.eclipse.jdt.internal.compiler.parser.Parser::consumeRule (7920 bytes)

VM state: not at safepoint (normal execution)

VM Mutex/Monitor currently owned by a thread: None

Heap address: 0x00000000c0000000, size: 1024 MB, Compressed Oops mode: 32-bit

CDS archive(s) not mapped
Compressed class space mapped at: 0x0000000100000000-0x0000000140000000, reserved size: 1073741824
Narrow klass base: 0x0000000000000000, Narrow klass shift: 3, Narrow klass range: 0x140000000

GC Precious Log:
 CPUs: 12 total, 12 available
 Memory: 16251M
 Large Page Support: Disabled
 NUMA Support: Disabled
 Compressed Oops: Enabled (32-bit)
 Alignments: Space 512K, Generation 512K, Heap 2M
 Heap Min Capacity: 100M
 Heap Initial Capacity: 100M
 Heap Max Capacity: 1G
 Pre-touch: Disabled
 Parallel Workers: 10

Heap:
 PSYoungGen      total 24576K, used 19457K [0x00000000eab00000, 0x00000000ec580000, 0x0000000100000000)
  eden space 22016K, 78% used [0x00000000eab00000,0x00000000ebbd46f8,0x00000000ec080000)
  from space 2560K, 86% used [0x00000000ec300000,0x00000000ec52c030,0x00000000ec580000)
  to   space 2560K, 0% used [0x00000000ec080000,0x00000000ec080000,0x00000000ec300000)
 ParOldGen       total 68608K, used 29721K [0x00000000c0000000, 0x00000000c4300000, 0x00000000eab00000)
  object space 68608K, 43% used [0x00000000c0000000,0x00000000c1d064e0,0x00000000c4300000)
 Metaspace       used 48560K, committed 49408K, reserved 1114112K
  class space    used 4891K, committed 5312K, reserved 1048576K

Card table byte_map: [0x000001fd48fc0000,0x000001fd491d0000] _byte_map_base: 0x000001fd489c0000

Marking Bits: (ParMarkBitMap*) 0x00007ffa94a958b0
 Begin Bits: [0x000001fd5b2a0000, 0x000001fd5c2a0000)
 End Bits:   [0x000001fd5c2a0000, 0x000001fd5d2a0000)

Polling page: 0x000001fd47590000

Metaspace:

Usage:
  Non-class:     42.65 MB used.
      Class:      4.78 MB used.
       Both:     47.42 MB used.

Virtual space:
  Non-class space:       64.00 MB reserved,      43.06 MB ( 67%) committed,  1 nodes.
      Class space:        1.00 GB reserved,       5.19 MB ( <1%) committed,  1 nodes.
             Both:        1.06 GB reserved,      48.25 MB (  4%) committed. 

Chunk freelists:
   Non-Class:  4.02 MB
       Class:  10.66 MB
        Both:  14.67 MB

MaxMetaspaceSize: unlimited
CompressedClassSpaceSize: 1.00 GB
Initial GC threshold: 21.00 MB
Current GC threshold: 58.38 MB
CDS: off
MetaspaceReclaimPolicy: balanced
 - commit_granule_bytes: 65536.
 - commit_granule_words: 8192.
 - virtual_space_node_default_size: 8388608.
 - enlarge_chunks_in_place: 1.
 - new_chunks_are_fully_committed: 0.
 - uncommit_free_chunks: 1.
 - use_allocation_guard: 0.
 - handle_deallocations: 1.


Internal statistics:

num_allocs_failed_limit: 6.
num_arena_births: 462.
num_arena_deaths: 14.
num_vsnodes_births: 2.
num_vsnodes_deaths: 0.
num_space_committed: 772.
num_space_uncommitted: 0.
num_chunks_returned_to_freelist: 20.
num_chunks_taken_from_freelist: 2142.
num_chunk_merges: 8.
num_chunk_splits: 1368.
num_chunks_enlarged: 912.
num_inconsistent_stats: 0.

CodeHeap 'non-profiled nmethods': size=120000Kb used=3116Kb max_used=3116Kb free=116883Kb
 bounds [0x000001fd53d70000, 0x000001fd54080000, 0x000001fd5b2a0000]
CodeHeap 'profiled nmethods': size=120000Kb used=11152Kb max_used=11152Kb free=108847Kb
 bounds [0x000001fd4c2a0000, 0x000001fd4cd90000, 0x000001fd537d0000]
CodeHeap 'non-nmethods': size=5760Kb used=1351Kb max_used=1508Kb free=4408Kb
 bounds [0x000001fd537d0000, 0x000001fd53a40000, 0x000001fd53d70000]
 total_blobs=5847 nmethods=5157 adapters=603
 compilation: enabled
              stopped_count=0, restarted_count=0
 full_count=0

Compilation events (20 events):
Event: 24.921 Thread 0x000001fd651c0200 5147       4       org.eclipse.jdt.internal.compiler.parser.Parser::consumeRule (7920 bytes)
Event: 24.922 Thread 0x000001fd62897bf0 nmethod 5154 0x000001fd4cd73210 code [0x000001fd4cd73640, 0x000001fd4cd75978]
Event: 24.922 Thread 0x000001fd62897bf0 5159       1       org.eclipse.jdt.internal.core.AnnotatableInfo::setNameSourceStart (6 bytes)
Event: 24.922 Thread 0x000001fd62897bf0 nmethod 5159 0x000001fd5407a090 code [0x000001fd5407a220, 0x000001fd5407a2f8]
Event: 24.922 Thread 0x000001fd62897bf0 5160       1       org.eclipse.jdt.internal.core.AnnotatableInfo::setNameSourceEnd (6 bytes)
Event: 24.922 Thread 0x000001fd62897bf0 nmethod 5160 0x000001fd5407a390 code [0x000001fd5407a520, 0x000001fd5407a5f8]
Event: 24.922 Thread 0x000001fd62897bf0 5155       3       lombok.core.TypeResolver::typeRefToFullyQualifiedName (487 bytes)
Event: 24.926 Thread 0x000001fd62897bf0 nmethod 5155 0x000001fd4cd76690 code [0x000001fd4cd76cc0, 0x000001fd4cd7a7a8]
Event: 24.926 Thread 0x000001fd62897bf0 5156       3       lombok.core.TypeLibrary::toQualifieds (81 bytes)
Event: 24.927 Thread 0x000001fd62897bf0 nmethod 5156 0x000001fd4cd7b910 code [0x000001fd4cd7bbc0, 0x000001fd4cd7cb58]
Event: 24.927 Thread 0x000001fd62897bf0 5157       3       lombok.core.LombokNode::getImportList (8 bytes)
Event: 24.927 Thread 0x000001fd62897bf0 nmethod 5157 0x000001fd4cd7cf90 code [0x000001fd4cd7d120, 0x000001fd4cd7d2b8]
Event: 24.927 Thread 0x000001fd62897bf0 5158       3       lombok.core.TypeResolver::<init> (10 bytes)
Event: 24.927 Thread 0x000001fd62897bf0 nmethod 5158 0x000001fd4cd7d410 code [0x000001fd4cd7d5a0, 0x000001fd4cd7d718]
Event: 24.927 Thread 0x000001fd62897bf0 5161       1       org.eclipse.jdt.internal.core.Annotation::getElementName (5 bytes)
Event: 24.927 Thread 0x000001fd62897bf0 nmethod 5161 0x000001fd5407a690 code [0x000001fd5407a820, 0x000001fd5407a8f8]
Event: 24.927 Thread 0x000001fd62897bf0 5162       1       org.eclipse.jdt.internal.core.MemberElementInfo::setFlags (6 bytes)
Event: 24.928 Thread 0x000001fd62897bf0 nmethod 5162 0x000001fd5407a990 code [0x000001fd5407ab20, 0x000001fd5407abf8]
Event: 24.928 Thread 0x000001fd62897bf0 5164       1       org.eclipse.jdt.internal.compiler.ast.ASTNode::sourceStart (5 bytes)
Event: 24.928 Thread 0x000001fd62897bf0 nmethod 5164 0x000001fd5407ac90 code [0x000001fd5407ae20, 0x000001fd5407aef8]

GC Heap History (20 events):
Event: 4.164 GC heap before
{Heap before GC invocations=15 (full 2):
 PSYoungGen      total 23040K, used 23040K [0x00000000eab00000, 0x00000000ec880000, 0x0000000100000000)
  eden space 22016K, 100% used [0x00000000eab00000,0x00000000ec080000,0x00000000ec080000)
  from space 1024K, 100% used [0x00000000ec580000,0x00000000ec680000,0x00000000ec680000)
  to   space 4096K, 0% used [0x00000000ec080000,0x00000000ec080000,0x00000000ec480000)
 ParOldGen       total 68608K, used 17214K [0x00000000c0000000, 0x00000000c4300000, 0x00000000eab00000)
  object space 68608K, 25% used [0x00000000c0000000,0x00000000c10cf850,0x00000000c4300000)
 Metaspace       used 38423K, committed 39232K, reserved 1114112K
  class space    used 3877K, committed 4224K, reserved 1048576K
}
Event: 4.167 GC heap after
{Heap after GC invocations=15 (full 2):
 PSYoungGen      total 24064K, used 2016K [0x00000000eab00000, 0x00000000ec680000, 0x0000000100000000)
  eden space 22016K, 0% used [0x00000000eab00000,0x00000000eab00000,0x00000000ec080000)
  from space 2048K, 98% used [0x00000000ec080000,0x00000000ec278010,0x00000000ec280000)
  to   space 3072K, 0% used [0x00000000ec380000,0x00000000ec380000,0x00000000ec680000)
 ParOldGen       total 68608K, used 18278K [0x00000000c0000000, 0x00000000c4300000, 0x00000000eab00000)
  object space 68608K, 26% used [0x00000000c0000000,0x00000000c11d9850,0x00000000c4300000)
 Metaspace       used 38423K, committed 39232K, reserved 1114112K
  class space    used 3877K, committed 4224K, reserved 1048576K
}
Event: 4.432 GC heap before
{Heap before GC invocations=16 (full 2):
 PSYoungGen      total 24064K, used 24032K [0x00000000eab00000, 0x00000000ec680000, 0x0000000100000000)
  eden space 22016K, 100% used [0x00000000eab00000,0x00000000ec080000,0x00000000ec080000)
  from space 2048K, 98% used [0x00000000ec080000,0x00000000ec278010,0x00000000ec280000)
  to   space 3072K, 0% used [0x00000000ec380000,0x00000000ec380000,0x00000000ec680000)
 ParOldGen       total 68608K, used 18278K [0x00000000c0000000, 0x00000000c4300000, 0x00000000eab00000)
  object space 68608K, 26% used [0x00000000c0000000,0x00000000c11d9850,0x00000000c4300000)
 Metaspace       used 40026K, committed 40768K, reserved 1114112K
  class space    used 4092K, committed 4416K, reserved 1048576K
}
Event: 4.436 GC heap after
{Heap after GC invocations=16 (full 2):
 PSYoungGen      total 23552K, used 1481K [0x00000000eab00000, 0x00000000ec500000, 0x0000000100000000)
  eden space 22016K, 0% used [0x00000000eab00000,0x00000000eab00000,0x00000000ec080000)
  from space 1536K, 96% used [0x00000000ec380000,0x00000000ec4f2478,0x00000000ec500000)
  to   space 2048K, 0% used [0x00000000ec100000,0x00000000ec100000,0x00000000ec300000)
 ParOldGen       total 68608K, used 20094K [0x00000000c0000000, 0x00000000c4300000, 0x00000000eab00000)
  object space 68608K, 29% used [0x00000000c0000000,0x00000000c139f860,0x00000000c4300000)
 Metaspace       used 40026K, committed 40768K, reserved 1114112K
  class space    used 4092K, committed 4416K, reserved 1048576K
}
Event: 5.353 GC heap before
{Heap before GC invocations=17 (full 2):
 PSYoungGen      total 23552K, used 23497K [0x00000000eab00000, 0x00000000ec500000, 0x0000000100000000)
  eden space 22016K, 100% used [0x00000000eab00000,0x00000000ec080000,0x00000000ec080000)
  from space 1536K, 96% used [0x00000000ec380000,0x00000000ec4f2478,0x00000000ec500000)
  to   space 2048K, 0% used [0x00000000ec100000,0x00000000ec100000,0x00000000ec300000)
 ParOldGen       total 68608K, used 20094K [0x00000000c0000000, 0x00000000c4300000, 0x00000000eab00000)
  object space 68608K, 29% used [0x00000000c0000000,0x00000000c139f860,0x00000000c4300000)
 Metaspace       used 41489K, committed 42240K, reserved 1114112K
  class space    used 4240K, committed 4608K, reserved 1048576K
}
Event: 5.356 GC heap after
{Heap after GC invocations=17 (full 2):
 PSYoungGen      total 24064K, used 480K [0x00000000eab00000, 0x00000000ec400000, 0x0000000100000000)
  eden space 22016K, 0% used [0x00000000eab00000,0x00000000eab00000,0x00000000ec080000)
  from space 2048K, 23% used [0x00000000ec100000,0x00000000ec178010,0x00000000ec300000)
  to   space 1024K, 0% used [0x00000000ec300000,0x00000000ec300000,0x00000000ec400000)
 ParOldGen       total 68608K, used 21347K [0x00000000c0000000, 0x00000000c4300000, 0x00000000eab00000)
  object space 68608K, 31% used [0x00000000c0000000,0x00000000c14d8c08,0x00000000c4300000)
 Metaspace       used 41489K, committed 42240K, reserved 1114112K
  class space    used 4240K, committed 4608K, reserved 1048576K
}
Event: 5.807 GC heap before
{Heap before GC invocations=18 (full 2):
 PSYoungGen      total 24064K, used 22494K [0x00000000eab00000, 0x00000000ec400000, 0x0000000100000000)
  eden space 22016K, 99% used [0x00000000eab00000,0x00000000ec07f948,0x00000000ec080000)
  from space 2048K, 23% used [0x00000000ec100000,0x00000000ec178010,0x00000000ec300000)
  to   space 1024K, 0% used [0x00000000ec300000,0x00000000ec300000,0x00000000ec400000)
 ParOldGen       total 68608K, used 21347K [0x00000000c0000000, 0x00000000c4300000, 0x00000000eab00000)
  object space 68608K, 31% used [0x00000000c0000000,0x00000000c14d8c08,0x00000000c4300000)
 Metaspace       used 42681K, committed 43456K, reserved 1114112K
  class space    used 4337K, committed 4672K, reserved 1048576K
}
Event: 5.808 GC heap after
{Heap after GC invocations=18 (full 2):
 PSYoungGen      total 23040K, used 1012K [0x00000000eab00000, 0x00000000ec580000, 0x0000000100000000)
  eden space 22016K, 0% used [0x00000000eab00000,0x00000000eab00000,0x00000000ec080000)
  from space 1024K, 98% used [0x00000000ec300000,0x00000000ec3fd140,0x00000000ec400000)
  to   space 2560K, 0% used [0x00000000ec080000,0x00000000ec080000,0x00000000ec300000)
 ParOldGen       total 68608K, used 22257K [0x00000000c0000000, 0x00000000c4300000, 0x00000000eab00000)
  object space 68608K, 32% used [0x00000000c0000000,0x00000000c15bc740,0x00000000c4300000)
 Metaspace       used 42681K, committed 43456K, reserved 1114112K
  class space    used 4337K, committed 4672K, reserved 1048576K
}
Event: 5.879 GC heap before
{Heap before GC invocations=19 (full 2):
 PSYoungGen      total 23040K, used 23028K [0x00000000eab00000, 0x00000000ec580000, 0x0000000100000000)
  eden space 22016K, 100% used [0x00000000eab00000,0x00000000ec080000,0x00000000ec080000)
  from space 1024K, 98% used [0x00000000ec300000,0x00000000ec3fd140,0x00000000ec400000)
  to   space 2560K, 0% used [0x00000000ec080000,0x00000000ec080000,0x00000000ec300000)
 ParOldGen       total 68608K, used 22257K [0x00000000c0000000, 0x00000000c4300000, 0x00000000eab00000)
  object space 68608K, 32% used [0x00000000c0000000,0x00000000c15bc740,0x00000000c4300000)
 Metaspace       used 42706K, committed 43520K, reserved 1114112K
  class space    used 4337K, committed 4672K, reserved 1048576K
}
Event: 5.881 GC heap after
{Heap after GC invocations=19 (full 2):
 PSYoungGen      total 23552K, used 1251K [0x00000000eab00000, 0x00000000ec380000, 0x0000000100000000)
  eden space 22016K, 0% used [0x00000000eab00000,0x00000000eab00000,0x00000000ec080000)
  from space 1536K, 81% used [0x00000000ec080000,0x00000000ec1b8de8,0x00000000ec200000)
  to   space 1536K, 0% used [0x00000000ec200000,0x00000000ec200000,0x00000000ec380000)
 ParOldGen       total 68608K, used 22953K [0x00000000c0000000, 0x00000000c4300000, 0x00000000eab00000)
  object space 68608K, 33% used [0x00000000c0000000,0x00000000c166a660,0x00000000c4300000)
 Metaspace       used 42706K, committed 43520K, reserved 1114112K
  class space    used 4337K, committed 4672K, reserved 1048576K
}
Event: 6.920 GC heap before
{Heap before GC invocations=20 (full 2):
 PSYoungGen      total 23552K, used 23267K [0x00000000eab00000, 0x00000000ec380000, 0x0000000100000000)
  eden space 22016K, 100% used [0x00000000eab00000,0x00000000ec080000,0x00000000ec080000)
  from space 1536K, 81% used [0x00000000ec080000,0x00000000ec1b8de8,0x00000000ec200000)
  to   space 1536K, 0% used [0x00000000ec200000,0x00000000ec200000,0x00000000ec380000)
 ParOldGen       total 68608K, used 22953K [0x00000000c0000000, 0x00000000c4300000, 0x00000000eab00000)
  object space 68608K, 33% used [0x00000000c0000000,0x00000000c166a660,0x00000000c4300000)
 Metaspace       used 45518K, committed 46400K, reserved 1114112K
  class space    used 4585K, committed 4992K, reserved 1048576K
}
Event: 6.927 GC heap after
{Heap after GC invocations=20 (full 2):
 PSYoungGen      total 23552K, used 992K [0x00000000eab00000, 0x00000000ec380000, 0x0000000100000000)
  eden space 22016K, 0% used [0x00000000eab00000,0x00000000eab00000,0x00000000ec080000)
  from space 1536K, 64% used [0x00000000ec200000,0x00000000ec2f8040,0x00000000ec380000)
  to   space 1536K, 0% used [0x00000000ec080000,0x00000000ec080000,0x00000000ec200000)
 ParOldGen       total 68608K, used 22969K [0x00000000c0000000, 0x00000000c4300000, 0x00000000eab00000)
  object space 68608K, 33% used [0x00000000c0000000,0x00000000c166e660,0x00000000c4300000)
 Metaspace       used 45518K, committed 46400K, reserved 1114112K
  class space    used 4585K, committed 4992K, reserved 1048576K
}
Event: 7.018 GC heap before
{Heap before GC invocations=21 (full 2):
 PSYoungGen      total 23552K, used 23008K [0x00000000eab00000, 0x00000000ec380000, 0x0000000100000000)
  eden space 22016K, 100% used [0x00000000eab00000,0x00000000ec080000,0x00000000ec080000)
  from space 1536K, 64% used [0x00000000ec200000,0x00000000ec2f8040,0x00000000ec380000)
  to   space 1536K, 0% used [0x00000000ec080000,0x00000000ec080000,0x00000000ec200000)
 ParOldGen       total 68608K, used 22969K [0x00000000c0000000, 0x00000000c4300000, 0x00000000eab00000)
  object space 68608K, 33% used [0x00000000c0000000,0x00000000c166e660,0x00000000c4300000)
 Metaspace       used 45521K, committed 46400K, reserved 1114112K
  class space    used 4585K, committed 4992K, reserved 1048576K
}
Event: 7.022 GC heap after
{Heap after GC invocations=21 (full 2):
 PSYoungGen      total 23552K, used 1536K [0x00000000eab00000, 0x00000000ec780000, 0x0000000100000000)
  eden space 22016K, 0% used [0x00000000eab00000,0x00000000eab00000,0x00000000ec080000)
  from space 1536K, 100% used [0x00000000ec080000,0x00000000ec200000,0x00000000ec200000)
  to   space 3584K, 0% used [0x00000000ec400000,0x00000000ec400000,0x00000000ec780000)
 ParOldGen       total 68608K, used 24462K [0x00000000c0000000, 0x00000000c4300000, 0x00000000eab00000)
  object space 68608K, 35% used [0x00000000c0000000,0x00000000c17e3bd0,0x00000000c4300000)
 Metaspace       used 45521K, committed 46400K, reserved 1114112K
  class space    used 4585K, committed 4992K, reserved 1048576K
}
Event: 7.101 GC heap before
{Heap before GC invocations=22 (full 2):
 PSYoungGen      total 23552K, used 23552K [0x00000000eab00000, 0x00000000ec780000, 0x0000000100000000)
  eden space 22016K, 100% used [0x00000000eab00000,0x00000000ec080000,0x00000000ec080000)
  from space 1536K, 100% used [0x00000000ec080000,0x00000000ec200000,0x00000000ec200000)
  to   space 3584K, 0% used [0x00000000ec400000,0x00000000ec400000,0x00000000ec780000)
 ParOldGen       total 68608K, used 24462K [0x00000000c0000000, 0x00000000c4300000, 0x00000000eab00000)
  object space 68608K, 35% used [0x00000000c0000000,0x00000000c17e3bd0,0x00000000c4300000)
 Metaspace       used 45521K, committed 46400K, reserved 1114112K
  class space    used 4585K, committed 4992K, reserved 1048576K
}
Event: 7.107 GC heap after
{Heap after GC invocations=22 (full 2):
 PSYoungGen      total 25088K, used 2688K [0x00000000eab00000, 0x00000000ec700000, 0x0000000100000000)
  eden space 22016K, 0% used [0x00000000eab00000,0x00000000eab00000,0x00000000ec080000)
  from space 3072K, 87% used [0x00000000ec400000,0x00000000ec6a0010,0x00000000ec700000)
  to   space 3072K, 0% used [0x00000000ec100000,0x00000000ec100000,0x00000000ec400000)
 ParOldGen       total 68608K, used 25958K [0x00000000c0000000, 0x00000000c4300000, 0x00000000eab00000)
  object space 68608K, 37% used [0x00000000c0000000,0x00000000c1959bd0,0x00000000c4300000)
 Metaspace       used 45521K, committed 46400K, reserved 1114112K
  class space    used 4585K, committed 4992K, reserved 1048576K
}
Event: 7.218 GC heap before
{Heap before GC invocations=23 (full 2):
 PSYoungGen      total 25088K, used 24704K [0x00000000eab00000, 0x00000000ec700000, 0x0000000100000000)
  eden space 22016K, 100% used [0x00000000eab00000,0x00000000ec080000,0x00000000ec080000)
  from space 3072K, 87% used [0x00000000ec400000,0x00000000ec6a0010,0x00000000ec700000)
  to   space 3072K, 0% used [0x00000000ec100000,0x00000000ec100000,0x00000000ec400000)
 ParOldGen       total 68608K, used 25958K [0x00000000c0000000, 0x00000000c4300000, 0x00000000eab00000)
  object space 68608K, 37% used [0x00000000c0000000,0x00000000c1959bd0,0x00000000c4300000)
 Metaspace       used 45586K, committed 46464K, reserved 1114112K
  class space    used 4593K, committed 5056K, reserved 1048576K
}
Event: 7.227 GC heap after
{Heap after GC invocations=23 (full 2):
 PSYoungGen      total 24064K, used 1760K [0x00000000eab00000, 0x00000000ec580000, 0x0000000100000000)
  eden space 22016K, 0% used [0x00000000eab00000,0x00000000eab00000,0x00000000ec080000)
  from space 2048K, 85% used [0x00000000ec100000,0x00000000ec2b8000,0x00000000ec300000)
  to   space 2560K, 0% used [0x00000000ec300000,0x00000000ec300000,0x00000000ec580000)
 ParOldGen       total 68608K, used 28118K [0x00000000c0000000, 0x00000000c4300000, 0x00000000eab00000)
  object space 68608K, 40% used [0x00000000c0000000,0x00000000c1b75be0,0x00000000c4300000)
 Metaspace       used 45586K, committed 46464K, reserved 1114112K
  class space    used 4593K, committed 5056K, reserved 1048576K
}
Event: 7.557 GC heap before
{Heap before GC invocations=24 (full 2):
 PSYoungGen      total 24064K, used 23776K [0x00000000eab00000, 0x00000000ec580000, 0x0000000100000000)
  eden space 22016K, 100% used [0x00000000eab00000,0x00000000ec080000,0x00000000ec080000)
  from space 2048K, 85% used [0x00000000ec100000,0x00000000ec2b8000,0x00000000ec300000)
  to   space 2560K, 0% used [0x00000000ec300000,0x00000000ec300000,0x00000000ec580000)
 ParOldGen       total 68608K, used 28118K [0x00000000c0000000, 0x00000000c4300000, 0x00000000eab00000)
  object space 68608K, 40% used [0x00000000c0000000,0x00000000c1b75be0,0x00000000c4300000)
 Metaspace       used 46491K, committed 47360K, reserved 1114112K
  class space    used 4698K, committed 5120K, reserved 1048576K
}
Event: 7.561 GC heap after
{Heap after GC invocations=24 (full 2):
 PSYoungGen      total 24576K, used 2224K [0x00000000eab00000, 0x00000000ec580000, 0x0000000100000000)
  eden space 22016K, 0% used [0x00000000eab00000,0x00000000eab00000,0x00000000ec080000)
  from space 2560K, 86% used [0x00000000ec300000,0x00000000ec52c030,0x00000000ec580000)
  to   space 2560K, 0% used [0x00000000ec080000,0x00000000ec080000,0x00000000ec300000)
 ParOldGen       total 68608K, used 29721K [0x00000000c0000000, 0x00000000c4300000, 0x00000000eab00000)
  object space 68608K, 43% used [0x00000000c0000000,0x00000000c1d064e0,0x00000000c4300000)
 Metaspace       used 46491K, committed 47360K, reserved 1114112K
  class space    used 4698K, committed 5120K, reserved 1048576K
}

Dll operation events (10 events):
Event: 0.024 Loaded shared library c:\Users\dy20240402\.vscode\extensions\redhat.java-1.34.0-win32-x64\jre\17.0.12-win32-x86_64\bin\java.dll
Event: 0.193 Loaded shared library c:\Users\dy20240402\.vscode\extensions\redhat.java-1.34.0-win32-x64\jre\17.0.12-win32-x86_64\bin\zip.dll
Event: 0.200 Loaded shared library C:\Users\dy20240402\.vscode\extensions\redhat.java-1.34.0-win32-x64\jre\17.0.12-win32-x86_64\bin\instrument.dll
Event: 0.207 Loaded shared library C:\Users\dy20240402\.vscode\extensions\redhat.java-1.34.0-win32-x64\jre\17.0.12-win32-x86_64\bin\net.dll
Event: 0.210 Loaded shared library C:\Users\dy20240402\.vscode\extensions\redhat.java-1.34.0-win32-x64\jre\17.0.12-win32-x86_64\bin\nio.dll
Event: 0.215 Loaded shared library C:\Users\dy20240402\.vscode\extensions\redhat.java-1.34.0-win32-x64\jre\17.0.12-win32-x86_64\bin\zip.dll
Event: 0.226 Loaded shared library C:\Users\dy20240402\.vscode\extensions\redhat.java-1.34.0-win32-x64\jre\17.0.12-win32-x86_64\bin\jimage.dll
Event: 0.288 Loaded shared library c:\Users\dy20240402\.vscode\extensions\redhat.java-1.34.0-win32-x64\jre\17.0.12-win32-x86_64\bin\verify.dll
Event: 1.305 Loaded shared library C:\Users\dy20240402\AppData\Roaming\Code\User\globalStorage\redhat.java\1.34.0\config_ss_win\org.eclipse.equinox.launcher\org.eclipse.equinox.launcher.win32.win32.x86_64_1.2.1100.v20240722-2106\eclipse_11904.dll
Event: 2.415 Loaded shared library C:\Users\dy20240402\AppData\Local\Temp\jna-242497435\jna14697987224277071266.dll

Deoptimization events (20 events):
Event: 8.041 Thread 0x000001fd648d18e0 Uncommon trap: trap_request=0xffffff45 fr.pc=0x000001fd540055bc relative=0x00000000000000bc
Event: 8.041 Thread 0x000001fd648d18e0 Uncommon trap: reason=unstable_if action=reinterpret pc=0x000001fd540055bc method=java.util.Hashtable$Enumerator.nextElement()Ljava/lang/Object; @ 87 c2
Event: 8.041 Thread 0x000001fd648d18e0 DEOPT PACKING pc=0x000001fd540055bc sp=0x00000021d2bfee40
Event: 8.041 Thread 0x000001fd648d18e0 DEOPT UNPACKING pc=0x000001fd538266a3 sp=0x00000021d2bfed68 mode 2
Event: 8.100 Thread 0x000001fd648d18e0 Uncommon trap: trap_request=0xffffff45 fr.pc=0x000001fd53fd960c relative=0x000000000000008c
Event: 8.100 Thread 0x000001fd648d18e0 Uncommon trap: reason=unstable_if action=reinterpret pc=0x000001fd53fd960c method=java.util.Hashtable$Enumerator.nextElement()Ljava/lang/Object; @ 87 c2
Event: 8.100 Thread 0x000001fd648d18e0 DEOPT PACKING pc=0x000001fd53fd960c sp=0x00000021d2bfee00
Event: 8.100 Thread 0x000001fd648d18e0 DEOPT UNPACKING pc=0x000001fd538266a3 sp=0x00000021d2bfed80 mode 2
Event: 8.153 Thread 0x000001fd66498170 Uncommon trap: trap_request=0xffffff45 fr.pc=0x000001fd53e182ac relative=0x000000000000018c
Event: 8.153 Thread 0x000001fd66498170 Uncommon trap: reason=unstable_if action=reinterpret pc=0x000001fd53e182ac method=java.util.concurrent.ConcurrentHashMap.get(Ljava/lang/Object;)Ljava/lang/Object; @ 76 c2
Event: 8.153 Thread 0x000001fd66498170 DEOPT PACKING pc=0x000001fd53e182ac sp=0x00000021d43fe910
Event: 8.153 Thread 0x000001fd66498170 DEOPT UNPACKING pc=0x000001fd538266a3 sp=0x00000021d43fe888 mode 2
Event: 8.153 Thread 0x000001fd66498170 Uncommon trap: trap_request=0xffffff45 fr.pc=0x000001fd53f54538 relative=0x0000000000001078
Event: 8.153 Thread 0x000001fd66498170 Uncommon trap: reason=unstable_if action=reinterpret pc=0x000001fd53f54538 method=java.util.concurrent.ConcurrentHashMap.putVal(Ljava/lang/Object;Ljava/lang/Object;Z)Ljava/lang/Object; @ 245 c2
Event: 8.153 Thread 0x000001fd66498170 DEOPT PACKING pc=0x000001fd53f54538 sp=0x00000021d43fe860
Event: 8.153 Thread 0x000001fd66498170 DEOPT UNPACKING pc=0x000001fd538266a3 sp=0x00000021d43fe7d8 mode 2
Event: 8.161 Thread 0x000001fd66498170 Uncommon trap: trap_request=0xffffff45 fr.pc=0x000001fd53e850a0 relative=0x0000000000000b60
Event: 8.161 Thread 0x000001fd66498170 Uncommon trap: reason=unstable_if action=reinterpret pc=0x000001fd53e850a0 method=java.util.concurrent.ConcurrentHashMap.transfer([Ljava/util/concurrent/ConcurrentHashMap$Node;[Ljava/util/concurrent/ConcurrentHashMap$Node;)V @ 352 c2
Event: 8.161 Thread 0x000001fd66498170 DEOPT PACKING pc=0x000001fd53e850a0 sp=0x00000021d43fdab0
Event: 8.161 Thread 0x000001fd66498170 DEOPT UNPACKING pc=0x000001fd538266a3 sp=0x00000021d43fda18 mode 2

Classes loaded (20 events):
Event: 6.876 Loading class jdk/internal/reflect/UnsafeQualifiedStaticIntegerFieldAccessorImpl
Event: 6.877 Loading class jdk/internal/reflect/UnsafeQualifiedStaticIntegerFieldAccessorImpl done
Event: 7.191 Loading class java/util/stream/MatchOps$MatchKind
Event: 7.192 Loading class java/util/stream/MatchOps$MatchKind done
Event: 7.192 Loading class java/util/stream/MatchOps
Event: 7.192 Loading class java/util/stream/MatchOps done
Event: 7.192 Loading class java/util/stream/MatchOps$MatchOp
Event: 7.192 Loading class java/util/stream/MatchOps$MatchOp done
Event: 7.192 Loading class java/util/stream/MatchOps$BooleanTerminalSink
Event: 7.192 Loading class java/util/stream/MatchOps$BooleanTerminalSink done
Event: 7.193 Loading class java/util/stream/MatchOps$1MatchSink
Event: 7.193 Loading class java/util/stream/MatchOps$1MatchSink done
Event: 7.483 Loading class java/util/stream/ReduceOps$4
Event: 7.483 Loading class java/util/stream/ReduceOps$4 done
Event: 7.483 Loading class java/util/stream/ReduceOps$4ReducingSink
Event: 7.484 Loading class java/util/stream/ReduceOps$4ReducingSink done
Event: 8.155 Loading class java/util/concurrent/ConcurrentHashMap$TreeNode
Event: 8.155 Loading class java/util/concurrent/ConcurrentHashMap$TreeNode done
Event: 8.155 Loading class java/util/concurrent/ConcurrentHashMap$TreeBin
Event: 8.155 Loading class java/util/concurrent/ConcurrentHashMap$TreeBin done

Classes unloaded (7 events):
Event: 2.248 Thread 0x000001fd49693f80 Unloading class 0x000000010021a400 'java/lang/invoke/LambdaForm$MH+0x000000010021a400'
Event: 2.248 Thread 0x000001fd49693f80 Unloading class 0x000000010021a000 'java/lang/invoke/LambdaForm$MH+0x000000010021a000'
Event: 2.249 Thread 0x000001fd49693f80 Unloading class 0x0000000100219c00 'java/lang/invoke/LambdaForm$MH+0x0000000100219c00'
Event: 2.249 Thread 0x000001fd49693f80 Unloading class 0x0000000100219800 'java/lang/invoke/LambdaForm$MH+0x0000000100219800'
Event: 2.249 Thread 0x000001fd49693f80 Unloading class 0x0000000100219400 'java/lang/invoke/LambdaForm$BMH+0x0000000100219400'
Event: 2.249 Thread 0x000001fd49693f80 Unloading class 0x0000000100219000 'java/lang/invoke/LambdaForm$DMH+0x0000000100219000'
Event: 2.249 Thread 0x000001fd49693f80 Unloading class 0x0000000100214400 'java/lang/invoke/LambdaForm$DMH+0x0000000100214400'

Classes redefined (0 events):
No events

Internal exceptions (20 events):
Event: 5.453 Thread 0x000001fd66494ed0 Implicit null exception at 0x000001fd53ee07f3 to 0x000001fd53ee1554
Event: 5.735 Thread 0x000001fd664958f0 Exception <a 'java/lang/LinkageError'{0x00000000eb4b7390}: loader lombok.launch.ShadowClassLoader @b1f0330 attempted duplicate class definition for lombok.launch.PatchFixesHider$ValPortal. (lombok.launch.PatchFixesHider$ValPortal is in unnamed module of loader lombok.launch.ShadowClassLoader @b1f0330, parent loader org.eclipse.osgi.internal.loader.EquinoxClassLoader @19935a46)> (0x00000000eb4b7390) 
thrown [s\src\hotspot\share\classfile\systemDictionary.cpp, line 1723]
Event: 5.735 Thread 0x000001fd66497c60 Exception <a 'java/lang/LinkageError'{0x00000000eb4d3288}: loader lombok.launch.ShadowClassLoader @b1f0330 attempted duplicate class definition for lombok.launch.PatchFixesHider$ValPortal. (lombok.launch.PatchFixesHider$ValPortal is in unnamed module of loader lombok.launch.ShadowClassLoader @b1f0330, parent loader org.eclipse.osgi.internal.loader.EquinoxClassLoader @19935a46)> (0x00000000eb4d3288) 
thrown [s\src\hotspot\share\classfile\systemDictionary.cpp, line 1723]
Event: 5.975 Thread 0x000001fd664958f0 Exception <a 'java/lang/LinkageError'{0x00000000eb33f098}: loader lombok.launch.ShadowClassLoader @48462226 attempted duplicate class definition for lombok.launch.PatchFixesHider$FieldInitializer. (lombok.launch.PatchFixesHider$FieldInitializer is in unnamed module of loader lombok.launch.ShadowClassLoader @48462226, parent loader org.eclipse.osgi.internal.loader.EquinoxClassLoader @6c23d1fa)> (0x00000000eb33f098) 
thrown [s\src\hotspot\share\classfile\systemDictionary.cpp, line 1723]
Event: 5.976 Thread 0x000001fd66497c60 Exception <a 'java/lang/LinkageError'{0x00000000eb329990}: loader lombok.launch.ShadowClassLoader @48462226 attempted duplicate class definition for lombok.launch.PatchFixesHider$FieldInitializer. (lombok.launch.PatchFixesHider$FieldInitializer is in unnamed module of loader lombok.launch.ShadowClassLoader @48462226, parent loader org.eclipse.osgi.internal.loader.EquinoxClassLoader @6c23d1fa)> (0x00000000eb329990) 
thrown [s\src\hotspot\share\classfile\systemDictionary.cpp, line 1723]
Event: 6.300 Thread 0x000001fd664995b0 Exception <a 'java/lang/NoSuchMethodError'{0x00000000ebacc780}: 'int java.lang.invoke.DirectMethodHandle$Holder.invokeVirtual(java.lang.Object, java.lang.Object)'> (0x00000000ebacc780) 
thrown [s\src\hotspot\share\interpreter\linkResolver.cpp, line 759]
Event: 6.788 Thread 0x000001fd664995b0 Exception <a 'java/lang/ArrayIndexOutOfBoundsException'{0x00000000ebd95168}: Index 1750 out of bounds for length 1749> (0x00000000ebd95168) 
thrown [s\src\hotspot\share\interpreter\interpreterRuntime.cpp, line 428]
Event: 7.191 Thread 0x000001fd66498170 Exception <a 'java/lang/NoSuchMethodError'{0x00000000ebb64e00}: 'int java.lang.invoke.DirectMethodHandle$Holder.invokeInterface(java.lang.Object, java.lang.Object)'> (0x00000000ebb64e00) 
thrown [s\src\hotspot\share\interpreter\linkResolver.cpp, line 759]
Event: 7.191 Thread 0x000001fd66498170 Exception <a 'java/lang/IncompatibleClassChangeError'{0x00000000ebb68390}: Found class java.lang.Object, but interface was expected> (0x00000000ebb68390) 
thrown [s\src\hotspot\share\interpreter\linkResolver.cpp, line 826]
Event: 7.407 Thread 0x000001fd66498170 Exception <a 'java/lang/NoSuchMethodError'{0x00000000ebcd14c0}: 'int java.lang.invoke.DirectMethodHandle$Holder.invokeStatic(java.lang.Object, java.lang.Object, java.lang.Object, int)'> (0x00000000ebcd14c0) 
thrown [s\src\hotspot\share\interpreter\linkResolver.cpp, line 759]
Event: 7.483 Thread 0x000001fd66498170 Exception <a 'java/lang/NoSuchMethodError'{0x00000000ebdfc6b8}: 'int java.lang.invoke.DirectMethodHandle$Holder.invokeVirtual(java.lang.Object, java.lang.Object, java.lang.Object)'> (0x00000000ebdfc6b8) 
thrown [s\src\hotspot\share\interpreter\linkResolver.cpp, line 759]
Event: 7.486 Thread 0x000001fd648d18e0 Exception <a 'java/lang/NoSuchMethodError'{0x00000000ebe7e438}: 'int java.lang.invoke.DirectMethodHandle$Holder.invokeVirtual(java.lang.Object, java.lang.Object, java.lang.Object)'> (0x00000000ebe7e438) 
thrown [s\src\hotspot\share\interpreter\linkResolver.cpp, line 759]
Event: 7.490 Thread 0x000001fd66498170 Exception <a 'java/lang/NoSuchMethodError'{0x00000000ebe94a68}: 'int java.lang.invoke.DirectMethodHandle$Holder.invokeSpecialIFC(java.lang.Object, java.lang.Object, java.lang.Object)'> (0x00000000ebe94a68) 
thrown [s\src\hotspot\share\interpreter\linkResolver.cpp, line 759]
Event: 7.671 Thread 0x000001fd648d18e0 Exception <a 'java/io/FileNotFoundException'{0x00000000eacb2060}> (0x00000000eacb2060) 
thrown [s\src\hotspot\share\prims\jni.cpp, line 516]
Event: 7.678 Thread 0x000001fd66498170 Exception <a 'java/io/FileNotFoundException'{0x00000000eacbce00}> (0x00000000eacbce00) 
thrown [s\src\hotspot\share\prims\jni.cpp, line 516]
Event: 7.960 Thread 0x000001fd66498170 Exception <a 'java/lang/LinkageError'{0x00000000eb190810}: loader lombok.launch.ShadowClassLoader @b1f0330 attempted duplicate class definition for lombok.launch.PatchFixesHider$ExtensionMethod. (lombok.launch.PatchFixesHider$ExtensionMethod is in unnamed module of loader lombok.launch.ShadowClassLoader @b1f0330, parent loader org.eclipse.osgi.internal.loader.EquinoxClassLoader @19935a46)> (0x00000000eb190810) 
thrown [s\src\hotspot\share\classfile\systemDictionary.cpp, line 1723]
Event: 8.011 Thread 0x000001fd66498170 Exception <a 'java/lang/LinkageError'{0x00000000eb2e4d88}: loader lombok.launch.ShadowClassLoader @b1f0330 attempted duplicate class definition for lombok.launch.PatchFixesHider$Val. (lombok.launch.PatchFixesHider$Val is in unnamed module of loader lombok.launch.ShadowClassLoader @b1f0330, parent loader org.eclipse.osgi.internal.loader.EquinoxClassLoader @19935a46)> (0x00000000eb2e4d88) 
thrown [s\src\hotspot\share\classfile\systemDictionary.cpp, line 1723]
Event: 8.054 Thread 0x000001fd648d18e0 Exception <a 'java/io/FileNotFoundException'{0x00000000eb5dfa50}> (0x00000000eb5dfa50) 
thrown [s\src\hotspot\share\prims\jni.cpp, line 516]
Event: 8.055 Thread 0x000001fd648d18e0 Exception <a 'java/io/FileNotFoundException'{0x00000000eb5e13c0}> (0x00000000eb5e13c0) 
thrown [s\src\hotspot\share\prims\jni.cpp, line 516]
Event: 8.055 Thread 0x000001fd648d18e0 Exception <a 'java/io/FileNotFoundException'{0x00000000eb5e25b8}> (0x00000000eb5e25b8) 
thrown [s\src\hotspot\share\prims\jni.cpp, line 516]

VM Operations (20 events):
Event: 6.853 Executing VM operation: HandshakeAllThreads
Event: 6.853 Executing VM operation: HandshakeAllThreads done
Event: 6.919 Executing VM operation: ParallelGCFailedAllocation
Event: 6.927 Executing VM operation: ParallelGCFailedAllocation done
Event: 7.018 Executing VM operation: ParallelGCFailedAllocation
Event: 7.022 Executing VM operation: ParallelGCFailedAllocation done
Event: 7.101 Executing VM operation: ParallelGCFailedAllocation
Event: 7.107 Executing VM operation: ParallelGCFailedAllocation done
Event: 7.218 Executing VM operation: ParallelGCFailedAllocation
Event: 7.227 Executing VM operation: ParallelGCFailedAllocation done
Event: 7.500 Executing VM operation: HandshakeAllThreads
Event: 7.500 Executing VM operation: HandshakeAllThreads done
Event: 7.557 Executing VM operation: ParallelGCFailedAllocation
Event: 7.561 Executing VM operation: ParallelGCFailedAllocation done
Event: 7.938 Executing VM operation: HandshakeAllThreads
Event: 7.938 Executing VM operation: HandshakeAllThreads done
Event: 8.164 Executing VM operation: ICBufferFull
Event: 8.164 Executing VM operation: ICBufferFull done
Event: 9.171 Executing VM operation: Cleanup
Event: 9.171 Executing VM operation: Cleanup done

Events (20 events):
Event: 3.424 Thread 0x000001fd66496310 Thread added: 0x000001fd66496310
Event: 3.435 Thread 0x000001fd6649a9f0 Thread added: 0x000001fd6649a9f0
Event: 3.552 Thread 0x000001fd664953e0 Thread added: 0x000001fd664953e0
Event: 3.552 Thread 0x000001fd664958f0 Thread added: 0x000001fd664958f0
Event: 3.732 Thread 0x000001fd66497c60 Thread added: 0x000001fd66497c60
Event: 3.733 Thread 0x000001fd66494ed0 Thread added: 0x000001fd66494ed0
Event: 4.662 Thread 0x000001fd65dd2680 Thread exited: 0x000001fd65dd2680
Event: 4.789 Thread 0x000001fd64a31160 Thread exited: 0x000001fd64a31160
Event: 5.788 Thread 0x000001fd6506e910 Thread added: 0x000001fd6506e910
Event: 5.817 Thread 0x000001fd63e37ee0 Thread added: 0x000001fd63e37ee0
Event: 6.288 Thread 0x000001fd664995b0 Thread added: 0x000001fd664995b0
Event: 6.297 Thread 0x000001fd66498170 Thread added: 0x000001fd66498170
Event: 6.317 Thread 0x000001fd6649af00 Thread added: 0x000001fd6649af00
Event: 7.363 Thread 0x000001fd66499fd0 Thread added: 0x000001fd66499fd0
Event: 7.555 Thread 0x000001fd62a61910 Thread exited: 0x000001fd62a61910
Event: 7.799 Thread 0x000001fd63e37ee0 Thread exited: 0x000001fd63e37ee0
Event: 8.072 Thread 0x000001fd651c21e0 Thread added: 0x000001fd651c21e0
Event: 13.818 Thread 0x000001fd651c21e0 Thread exited: 0x000001fd651c21e0
Event: 18.478 Thread 0x000001fd6506e910 Thread exited: 0x000001fd6506e910
Event: 24.920 Thread 0x000001fd651c0200 Thread added: 0x000001fd651c0200


Dynamic libraries:
0x00007ff66a7a0000 - 0x00007ff66a7ae000 	c:\Users\dy20240402\.vscode\extensions\redhat.java-1.34.0-win32-x64\jre\17.0.12-win32-x86_64\bin\java.exe
0x00007ffae5cf0000 - 0x00007ffae5f07000 	C:\WINDOWS\SYSTEM32\ntdll.dll
0x00007ffae3ef0000 - 0x00007ffae3fb4000 	C:\WINDOWS\System32\KERNEL32.DLL
0x00007ffae3010000 - 0x00007ffae33bd000 	C:\WINDOWS\System32\KERNELBASE.dll
0x00007ffae33c0000 - 0x00007ffae34d1000 	C:\WINDOWS\System32\ucrtbase.dll
0x00007ffadbaa0000 - 0x00007ffadbab7000 	c:\Users\dy20240402\.vscode\extensions\redhat.java-1.34.0-win32-x64\jre\17.0.12-win32-x86_64\bin\jli.dll
0x00007ffae3bf0000 - 0x00007ffae3d9e000 	C:\WINDOWS\System32\USER32.dll
0x00007ffae34e0000 - 0x00007ffae3506000 	C:\WINDOWS\System32\win32u.dll
0x00007ffae4db0000 - 0x00007ffae4dd9000 	C:\WINDOWS\System32\GDI32.dll
0x00007ffae3510000 - 0x00007ffae3629000 	C:\WINDOWS\System32\gdi32full.dll
0x00007ffae3750000 - 0x00007ffae37ea000 	C:\WINDOWS\System32\msvcp_win.dll
0x00007ffacb330000 - 0x00007ffacb5c3000 	C:\WINDOWS\WinSxS\amd64_microsoft.windows.common-controls_6595b64144ccf1df_6.0.22621.3672_none_2713b9d173822955\COMCTL32.dll
0x00007ffae3b40000 - 0x00007ffae3be7000 	C:\WINDOWS\System32\msvcrt.dll
0x00007ffadba80000 - 0x00007ffadba9b000 	c:\Users\dy20240402\.vscode\extensions\redhat.java-1.34.0-win32-x64\jre\17.0.12-win32-x86_64\bin\VCRUNTIME140.dll
0x00007ffae3a30000 - 0x00007ffae3a61000 	C:\WINDOWS\System32\IMM32.DLL
0x00007ffadfc30000 - 0x00007ffadfc3c000 	c:\Users\dy20240402\.vscode\extensions\redhat.java-1.34.0-win32-x64\jre\17.0.12-win32-x86_64\bin\vcruntime140_1.dll
0x00007ffaacf90000 - 0x00007ffaad01d000 	c:\Users\dy20240402\.vscode\extensions\redhat.java-1.34.0-win32-x64\jre\17.0.12-win32-x86_64\bin\msvcp140.dll
0x00007ffa93ef0000 - 0x00007ffa94b5a000 	c:\Users\dy20240402\.vscode\extensions\redhat.java-1.34.0-win32-x64\jre\17.0.12-win32-x86_64\bin\server\jvm.dll
0x00007ffae5a30000 - 0x00007ffae5ae2000 	C:\WINDOWS\System32\ADVAPI32.dll
0x00007ffae5020000 - 0x00007ffae50c9000 	C:\WINDOWS\System32\sechost.dll
0x00007ffae36a0000 - 0x00007ffae36c8000 	C:\WINDOWS\System32\bcrypt.dll
0x00007ffae5b70000 - 0x00007ffae5c84000 	C:\WINDOWS\System32\RPCRT4.dll
0x00007ffae5af0000 - 0x00007ffae5b61000 	C:\WINDOWS\System32\WS2_32.dll
0x00007ffada000000 - 0x00007ffada00a000 	C:\WINDOWS\SYSTEM32\VERSION.dll
0x00007ffae1ea0000 - 0x00007ffae1eed000 	C:\WINDOWS\SYSTEM32\POWRPROF.dll
0x00007ffadba00000 - 0x00007ffadba34000 	C:\WINDOWS\SYSTEM32\WINMM.dll
0x00007ffae1e80000 - 0x00007ffae1e93000 	C:\WINDOWS\SYSTEM32\UMPDC.dll
0x00007ffae2130000 - 0x00007ffae2148000 	C:\WINDOWS\SYSTEM32\kernel.appcore.dll
0x00007ffadd060000 - 0x00007ffadd06a000 	c:\Users\dy20240402\.vscode\extensions\redhat.java-1.34.0-win32-x64\jre\17.0.12-win32-x86_64\bin\jimage.dll
0x00007ffae1540000 - 0x00007ffae1772000 	C:\WINDOWS\SYSTEM32\DBGHELP.DLL
0x00007ffae4610000 - 0x00007ffae499d000 	C:\WINDOWS\System32\combase.dll
0x00007ffae4b60000 - 0x00007ffae4c37000 	C:\WINDOWS\System32\OLEAUT32.dll
0x00007ffac0c10000 - 0x00007ffac0c42000 	C:\WINDOWS\SYSTEM32\dbgcore.DLL
0x00007ffae36d0000 - 0x00007ffae374b000 	C:\WINDOWS\System32\bcryptPrimitives.dll
0x00007ffadc8a0000 - 0x00007ffadc8ae000 	c:\Users\dy20240402\.vscode\extensions\redhat.java-1.34.0-win32-x64\jre\17.0.12-win32-x86_64\bin\instrument.dll
0x00007ffacc130000 - 0x00007ffacc155000 	c:\Users\dy20240402\.vscode\extensions\redhat.java-1.34.0-win32-x64\jre\17.0.12-win32-x86_64\bin\java.dll
0x00007ffacea00000 - 0x00007ffacea18000 	c:\Users\dy20240402\.vscode\extensions\redhat.java-1.34.0-win32-x64\jre\17.0.12-win32-x86_64\bin\zip.dll
0x00007ffae50d0000 - 0x00007ffae5938000 	C:\WINDOWS\System32\SHELL32.dll
0x00007ffae0b80000 - 0x00007ffae147e000 	C:\WINDOWS\SYSTEM32\windows.storage.dll
0x00007ffae0a40000 - 0x00007ffae0b7f000 	C:\WINDOWS\SYSTEM32\wintypes.dll
0x00007ffae3da0000 - 0x00007ffae3e99000 	C:\WINDOWS\System32\SHCORE.dll
0x00007ffae3ae0000 - 0x00007ffae3b3e000 	C:\WINDOWS\System32\shlwapi.dll
0x00007ffae2f40000 - 0x00007ffae2f61000 	C:\WINDOWS\SYSTEM32\profapi.dll
0x00007ffacbbf0000 - 0x00007ffacbc09000 	C:\Users\dy20240402\.vscode\extensions\redhat.java-1.34.0-win32-x64\jre\17.0.12-win32-x86_64\bin\net.dll
0x00007ffadbcf0000 - 0x00007ffadbe26000 	C:\WINDOWS\SYSTEM32\WINHTTP.dll
0x00007ffae25a0000 - 0x00007ffae2609000 	C:\WINDOWS\system32\mswsock.dll
0x00007ffaca810000 - 0x00007ffaca826000 	C:\Users\dy20240402\.vscode\extensions\redhat.java-1.34.0-win32-x64\jre\17.0.12-win32-x86_64\bin\nio.dll
0x00007ffadba70000 - 0x00007ffadba80000 	c:\Users\dy20240402\.vscode\extensions\redhat.java-1.34.0-win32-x64\jre\17.0.12-win32-x86_64\bin\verify.dll
0x00007ffacdfb0000 - 0x00007ffacdff5000 	C:\Users\dy20240402\AppData\Roaming\Code\User\globalStorage\redhat.java\1.34.0\config_ss_win\org.eclipse.equinox.launcher\org.eclipse.equinox.launcher.win32.win32.x86_64_1.2.1100.v20240722-2106\eclipse_11904.dll
0x00007ffae3fc0000 - 0x00007ffae4165000 	C:\WINDOWS\System32\ole32.dll
0x00007ffae2800000 - 0x00007ffae281b000 	C:\WINDOWS\SYSTEM32\CRYPTSP.dll
0x00007ffae2090000 - 0x00007ffae20c5000 	C:\WINDOWS\system32\rsaenh.dll
0x00007ffae26a0000 - 0x00007ffae26c8000 	C:\WINDOWS\SYSTEM32\USERENV.dll
0x00007ffae2820000 - 0x00007ffae282c000 	C:\WINDOWS\SYSTEM32\CRYPTBASE.dll
0x00007ffae1b40000 - 0x00007ffae1b6d000 	C:\WINDOWS\SYSTEM32\IPHLPAPI.DLL
0x00007ffae4aa0000 - 0x00007ffae4aa9000 	C:\WINDOWS\System32\NSI.dll
0x00007ffadbc50000 - 0x00007ffadbc69000 	C:\WINDOWS\SYSTEM32\dhcpcsvc6.DLL
0x00007ffadba40000 - 0x00007ffadba5f000 	C:\WINDOWS\SYSTEM32\dhcpcsvc.DLL
0x00007ffae1bb0000 - 0x00007ffae1ca8000 	C:\WINDOWS\SYSTEM32\DNSAPI.dll
0x00007ffac2760000 - 0x00007ffac27a5000 	C:\Users\dy20240402\AppData\Local\Temp\jna-242497435\jna14697987224277071266.dll
0x00007ffae4c40000 - 0x00007ffae4c48000 	C:\WINDOWS\System32\PSAPI.DLL

dbghelp: loaded successfully - version: 4.0.5 - missing functions: none
symbol engine: initialized successfully - sym options: 0x614 - pdb path: .;c:\Users\dy20240402\.vscode\extensions\redhat.java-1.34.0-win32-x64\jre\17.0.12-win32-x86_64\bin;C:\WINDOWS\SYSTEM32;C:\WINDOWS\WinSxS\amd64_microsoft.windows.common-controls_6595b64144ccf1df_6.0.22621.3672_none_2713b9d173822955;c:\Users\dy20240402\.vscode\extensions\redhat.java-1.34.0-win32-x64\jre\17.0.12-win32-x86_64\bin\server;C:\Users\dy20240402\AppData\Roaming\Code\User\globalStorage\redhat.java\1.34.0\config_ss_win\org.eclipse.equinox.launcher\org.eclipse.equinox.launcher.win32.win32.x86_64_1.2.1100.v20240722-2106;C:\Users\dy20240402\AppData\Local\Temp\jna-242497435

VM Arguments:
jvm_args: --add-modules=ALL-SYSTEM --add-opens=java.base/java.util=ALL-UNNAMED --add-opens=java.base/java.lang=ALL-UNNAMED --add-opens=java.base/sun.nio.fs=ALL-UNNAMED -Declipse.application=org.eclipse.jdt.ls.core.id1 -Dosgi.bundles.defaultStartLevel=4 -Declipse.product=org.eclipse.jdt.ls.core.product -Djava.import.generatesMetadataFilesAtProjectRoot=false -DDetectVMInstallationsJob.disabled=true -Dfile.encoding=utf8 -XX:+UseParallelGC -XX:GCTimeRatio=4 -XX:AdaptiveSizePolicyWeight=90 -Dsun.zip.disableMemoryMapping=true -Xmx1G -Xms100m -Xlog:disable -javaagent:c:\Users\dy20240402\.vscode\extensions\redhat.java-1.34.0-win32-x64\lombok\lombok-1.18.33.jar 
java_command: c:\Users\dy20240402\.vscode\extensions\redhat.java-1.34.0-win32-x64\server\plugins\org.eclipse.equinox.launcher_1.6.900.v20240613-2009.jar -configuration c:\Users\dy20240402\AppData\Roaming\Code\User\globalStorage\redhat.java\1.34.0\config_ss_win -data c:\Users\dy20240402\AppData\Roaming\Code\User\workspaceStorage\b6d5cbaef68a8efeaf22d0b9e113f687\redhat.java\ss_ws --pipe=\\.\pipe\lsp-e2bcc257c017c5d1876936bf75df772c-sock
java_class_path (initial): c:\Users\dy20240402\.vscode\extensions\redhat.java-1.34.0-win32-x64\server\plugins\org.eclipse.equinox.launcher_1.6.900.v20240613-2009.jar
Launcher Type: SUN_STANDARD

[Global flags]
    uintx AdaptiveSizePolicyWeight                 = 90                                        {product} {command line}
     intx CICompilerCount                          = 4                                         {product} {ergonomic}
    uintx GCTimeRatio                              = 4                                         {product} {command line}
   size_t InitialHeapSize                          = 104857600                                 {product} {command line}
   size_t MaxHeapSize                              = 1073741824                                {product} {command line}
   size_t MaxNewSize                               = 357564416                                 {product} {ergonomic}
   size_t MinHeapDeltaBytes                        = 524288                                    {product} {ergonomic}
   size_t MinHeapSize                              = 104857600                                 {product} {command line}
   size_t NewSize                                  = 34603008                                  {product} {ergonomic}
    uintx NonNMethodCodeHeapSize                   = 5839372                                {pd product} {ergonomic}
    uintx NonProfiledCodeHeapSize                  = 122909434                              {pd product} {ergonomic}
   size_t OldSize                                  = 70254592                                  {product} {ergonomic}
    uintx ProfiledCodeHeapSize                     = 122909434                              {pd product} {ergonomic}
    uintx ReservedCodeCacheSize                    = 251658240                              {pd product} {ergonomic}
     bool SegmentedCodeCache                       = true                                      {product} {ergonomic}
   size_t SoftMaxHeapSize                          = 1073741824                             {manageable} {ergonomic}
     bool UseCompressedClassPointers               = true                           {product lp64_product} {ergonomic}
     bool UseCompressedOops                        = true                           {product lp64_product} {ergonomic}
     bool UseLargePagesIndividualAllocation        = false                                  {pd product} {ergonomic}
     bool UseParallelGC                            = true                                      {product} {command line}

Logging:
Log output configuration:
 #0: stdout all=off uptime,level,tags
 #1: stderr all=off uptime,level,tags

Environment Variables:
JAVA_HOME=C:\Program Files\Microsoft\jdk-17.0.11.9-hotspot\
PATH=C:\Program Files\Microsoft\jdk-17.0.11.9-hotspot\bin;C:\WINDOWS\system32;C:\WINDOWS;C:\WINDOWS\System32\Wbem;C:\WINDOWS\System32\WindowsPowerShell\v1.0\;C:\WINDOWS\System32\OpenSSH\;C:\Program Files\Bandizip\;C:\ProgramData\chocolatey\bin;C:\Program Files\nodejs\;%LOCALAPPDATA%\Android\Sdk\platform-tools;C:\Program Files\Git\cmd;C:\Users\dy20240402\AppData\Local\Microsoft\WindowsApps;C:\Users\dy20240402\AppData\Roaming\npm;C:\Users\dy20240402\AppData\Local\Android\Sdk\platform-tools;C:\Users\dy20240402\AppData\Local\Programs\Microsoft VS Code\bin;C:\Program Files\Microsoft\jdk-17.0.11.9-hotspot\\bin;D:\apache-maven-3.9.9\bin;
USERNAME=dy20240402
OS=Windows_NT
PROCESSOR_IDENTIFIER=Intel64 Family 6 Model 165 Stepping 2, GenuineIntel
TMP=C:\Users\DY2024~1\AppData\Local\Temp
TEMP=C:\Users\DY2024~1\AppData\Local\Temp



Periodic native trim disabled


---------------  S Y S T E M  ---------------

OS:
 Windows 11 , 64 bit Build 22621 (10.0.22621.3958)
OS uptime: 2 days 0:29 hours

CPU: total 12 (initial active 12) (6 cores per cpu, 2 threads per core) family 6 model 165 stepping 2 microcode 0xea, cx8, cmov, fxsr, ht, mmx, 3dnowpref, sse, sse2, sse3, ssse3, sse4.1, sse4.2, popcnt, lzcnt, tsc, tscinvbit, avx, avx2, aes, erms, clmul, bmi1, bmi2, adx, fma, vzeroupper, clflush, clflushopt
Processor Information for all 12 processors :
  Max Mhz: 2592, Current Mhz: 2592, Mhz Limit: 2592

Memory: 4k page, system-wide physical 16251M (3511M free)
TotalPageFile size 33352M (AvailPageFile size 4M)
current process WorkingSet (physical memory assigned to process): 188M, peak: 248M
current process commit charge ("private bytes"): 281M, peak: 336M

vm_info: OpenJDK 64-Bit Server VM (17.0.12+7) for windows-amd64 JRE (17.0.12+7), built on Jul 16 2024 22:08:24 by "admin" with MS VC++ 16.10 / 16.11 (VS2019)

END.
